Build started 10/7/2015 6:06:58 μμ.
     1>Project "C:\Program Files (x86)\GridLAB-D\code\gridlab-d-code-5154-trunk\market\market.vcxproj" on node 2 (build target(s)).
     1>InitializeBuildStatus:
         Creating "Win32\Debug\market\market.unsuccessfulbuild" because "AlwaysCreate" was specified.
       ClCompile:
         C:\Program Files (x86)\Microsoft Visual Studio 10.0\VC\bin\CL.exe /c /IC:\ws\staff\include /I..\core /ZI /nologo /W3 /WX- /Od /Oy- /D WIN32 /D _DEBUG /D _WINDOWS /D _USRDLL /D _CRT_SECURE_NO_DEPRECATE /D _WINDLL /D _MBCS /Gm /EHsc /RTC1 /MDd /GS /fp:precise /Zc:wchar_t /Zc:forScope /Fo"Win32\Debug\market\\" /Fd"Win32\Debug\market\vc100.pdb" /Gd /TP /analyze- /errorReport:prompt controller_service.cpp
         controller_service.cpp
     1>c:\program files (x86)\gridlab-d\code\gridlab-d-code-5154-trunk\market\controller_service.cpp(371): warning C4244: 'initializing' : conversion from 'TIMESTAMP' to 'int', possible loss of data
       ManifestResourceCompile:
         All outputs are up-to-date.
       Link:
         C:\Program Files (x86)\Microsoft Visual Studio 10.0\VC\bin\link.exe /ERRORREPORT:PROMPT /OUT:"C:\Program Files (x86)\GridLAB-D\code\gridlab-d-code-5154-trunk\market\\..\VS2005\Win32\Debug\market.dll" /INCREMENTAL /NOLOGO /LIBPATH:C:\ws\staff\lib /LIBPATH:..\VS2005\Win32\Debug\ staff_common.lib staff_client.lib staff_utils.lib kernel32.lib user32.lib gdi32.lib winspool.lib comdlg32.lib advapi32.lib shell32.lib ole32.lib oleaut32.lib uuid.lib odbc32.lib odbccp32.lib /MANIFEST /ManifestFile:"Win32\Debug\market\market.dll.intermediate.manifest" /MANIFESTUAC:"level='asInvoker' uiAccess='false'" /DEBUG /PDB:"C:\Program Files (x86)\GridLAB-D\code\gridlab-d-code-5154-trunk\VS2005\Win32\Debug\market.pdb" /SUBSYSTEM:WINDOWS /TLBID:1 /DYNAMICBASE /NXCOMPAT /IMPLIB:"..\VS2005\Win32\Debug\market.lib" /MACHINE:X86 /DLL Win32\Debug\market\market.dll.embed.manifest.res
         Win32\Debug\market\controller_serverProxy.obj
         Win32\Debug\market\auction.obj
         Win32\Debug\market\bid.obj
         Win32\Debug\market\controller.obj
         Win32\Debug\market\controller_service.obj
         Win32\Debug\market\curve.obj
         Win32\Debug\market\double_controller.obj
         Win32\Debug\market\generator_controller.obj
         Win32\Debug\market\init.obj
         Win32\Debug\market\main.obj
         Win32\Debug\market\passive_controller.obj
         Win32\Debug\market\stub_bidder.obj
         Win32\Debug\market\stubauction.obj
         LINK : C:\Program Files (x86)\GridLAB-D\code\gridlab-d-code-5154-trunk\market\\..\VS2005\Win32\Debug\market.dll not found or not built by the last incremental link; performing full link
            Creating library ..\VS2005\Win32\Debug\market.lib and object ..\VS2005\Win32\Debug\market.exp
       Manifest:
         C:\Program Files (x86)\Microsoft SDKs\Windows\v7.0A\bin\mt.exe /nologo /verbose /out:"Win32\Debug\market\market.dll.embed.manifest" /manifest Win32\Debug\market\market.dll.intermediate.manifest
         All outputs are up-to-date.
       LinkEmbedManifest:
         All outputs are up-to-date.
         market.vcxproj -> C:\Program Files (x86)\GridLAB-D\code\gridlab-d-code-5154-trunk\market\..\VS2005\Win32\Debug\market.dll
       FinalizeBuildStatus:
         Deleting file "Win32\Debug\market\market.unsuccessfulbuild".
         Touching "Win32\Debug\market\market.lastbuildstate".
     1>Done Building Project "C:\Program Files (x86)\GridLAB-D\code\gridlab-d-code-5154-trunk\market\market.vcxproj" (build target(s)).

Build succeeded.

Time Elapsed 00:00:01.77
